[0m13:05:24.166237 [debug] [MainThread]: Sending event: {'category': 'dbt', 'action': 'invocation', 'label': 'start', 'context': [<snowplow_tracker.self_describing_json.SelfDescribingJson object at 0x0000010B01785D80>, <snowplow_tracker.self_describing_json.SelfDescribingJson object at 0x0000010B008F6110>, <snowplow_tracker.self_describing_json.SelfDescribingJson object at 0x0000010B008F5EA0>]}


============================== 13:05:24.173841 | 8d7649c3-930f-45a7-be34-5b38f487459b ==============================
[0m13:05:24.173841 [info ] [MainThread]: Running with dbt=1.9.4
[0m13:05:24.176861 [debug] [MainThread]: running dbt with arguments {'printer_width': '80', 'indirect_selection': 'eager', 'log_cache_events': 'False', 'write_json': 'True', 'partial_parse': 'True', 'cache_selected_only': 'False', 'profiles_dir': 'C:\\Users\\aksha\\.dbt', 'fail_fast': 'False', 'version_check': 'True', 'log_path': 'logs', 'debug': 'False', 'warn_error': 'None', 'use_colors': 'True', 'use_experimental_parser': 'False', 'no_print': 'None', 'quiet': 'False', 'empty': 'None', 'log_format': 'default', 'introspect': 'True', 'warn_error_options': 'WarnErrorOptions(include=[], exclude=[])', 'static_parser': 'True', 'target_path': 'None', 'invocation_command': 'dbt init learn1', 'send_anonymous_usage_stats': 'True'}
[0m13:05:24.230402 [debug] [MainThread]: Starter project path: D:\dbt_learn\env\lib\site-packages\dbt\include\starter_project
[0m13:05:24.365738 [info ] [MainThread]: 
Your new dbt project "learn1" was created!

For more information on how to configure the profiles.yml file,
please consult the dbt documentation here:

  https://docs.getdbt.com/docs/configure-your-profile

One more thing:

Need help? Don't hesitate to reach out to us via GitHub issues or on Slack:

  https://community.getdbt.com/

Happy modeling!

[0m13:05:24.366735 [info ] [MainThread]: Setting up your profile.
[0m13:12:09.952366 [info ] [MainThread]: Profile learn1 written to C:\Users\aksha\.dbt\profiles.yml using target's profile_template.yml and your supplied values. Run 'dbt debug' to validate the connection.
[0m13:12:09.965365 [debug] [MainThread]: Command `dbt init` succeeded at 13:12:09.964366 after 406.00 seconds
[0m13:12:09.967369 [debug] [MainThread]: Sending event: {'category': 'dbt', 'action': 'invocation', 'label': 'end', 'context': [<snowplow_tracker.self_describing_json.SelfDescribingJson object at 0x0000010B01785D80>, <snowplow_tracker.self_describing_json.SelfDescribingJson object at 0x0000010B0385BFD0>, <snowplow_tracker.self_describing_json.SelfDescribingJson object at 0x0000010B008F5ED0>]}
[0m13:12:09.969362 [debug] [MainThread]: Flushing usage events
[0m13:12:16.178144 [debug] [MainThread]: An error was encountered while trying to flush usage events
[0m13:12:33.136337 [debug] [MainThread]: Sending event: {'category': 'dbt', 'action': 'invocation', 'label': 'start', 'context': [<snowplow_tracker.self_describing_json.SelfDescribingJson object at 0x000001ECF7C9DED0>, <snowplow_tracker.self_describing_json.SelfDescribingJson object at 0x000001ECF6E1A2C0>, <snowplow_tracker.self_describing_json.SelfDescribingJson object at 0x000001ECF6E1A050>]}


============================== 13:12:33.147328 | 6bd5c7fe-2b2f-4375-a33c-cc68f7b389d6 ==============================
[0m13:12:33.147328 [info ] [MainThread]: Running with dbt=1.9.4
[0m13:12:33.149340 [debug] [MainThread]: running dbt with arguments {'printer_width': '80', 'indirect_selection': 'eager', 'log_cache_events': 'False', 'write_json': 'True', 'partial_parse': 'True', 'cache_selected_only': 'False', 'warn_error': 'None', 'debug': 'False', 'version_check': 'True', 'log_path': 'logs', 'fail_fast': 'False', 'profiles_dir': 'C:\\Users\\aksha\\.dbt', 'use_colors': 'True', 'use_experimental_parser': 'False', 'no_print': 'None', 'quiet': 'False', 'empty': 'None', 'log_format': 'default', 'static_parser': 'True', 'warn_error_options': 'WarnErrorOptions(include=[], exclude=[])', 'invocation_command': 'dbt debug', 'target_path': 'None', 'introspect': 'True', 'send_anonymous_usage_stats': 'True'}
[0m13:12:33.207331 [info ] [MainThread]: dbt version: 1.9.4
[0m13:12:33.209338 [info ] [MainThread]: python version: 3.10.8
[0m13:12:33.211335 [info ] [MainThread]: python path: D:\dbt_learn\env\Scripts\python.exe
[0m13:12:33.212334 [info ] [MainThread]: os info: Windows-10-10.0.26100-SP0
[0m13:12:34.416608 [info ] [MainThread]: Using profiles dir at C:\Users\aksha\.dbt
[0m13:12:34.418622 [info ] [MainThread]: Using profiles.yml file at C:\Users\aksha\.dbt\profiles.yml
[0m13:12:34.420622 [info ] [MainThread]: Using dbt_project.yml file at D:\dbt_learn\learn_dbt\dbt_project.yml
[0m13:12:34.423622 [info ] [MainThread]: adapter type: snowflake
[0m13:12:34.425620 [info ] [MainThread]: adapter version: 1.9.4
[0m13:12:34.427630 [info ] [MainThread]: Configuration:
[0m13:12:34.429622 [info ] [MainThread]:   profiles.yml file [[32mOK found and valid[0m]
[0m13:12:34.430632 [info ] [MainThread]:   dbt_project.yml file [[31mERROR not found[0m]
[0m13:12:34.433162 [info ] [MainThread]: Required dependencies:
[0m13:12:34.434165 [debug] [MainThread]: Executing "git --help"
[0m13:12:34.548694 [debug] [MainThread]: STDOUT: "b"usage: git [-v | --version] [-h | --help] [-C <path>] [-c <name>=<value>]\n           [--exec-path[=<path>]] [--html-path] [--man-path] [--info-path]\n           [-p | --paginate | -P | --no-pager] [--no-replace-objects] [--bare]\n           [--git-dir=<path>] [--work-tree=<path>] [--namespace=<name>]\n           [--config-env=<name>=<envvar>] <command> [<args>]\n\nThese are common Git commands used in various situations:\n\nstart a working area (see also: git help tutorial)\n   clone     Clone a repository into a new directory\n   init      Create an empty Git repository or reinitialize an existing one\n\nwork on the current change (see also: git help everyday)\n   add       Add file contents to the index\n   mv        Move or rename a file, a directory, or a symlink\n   restore   Restore working tree files\n   rm        Remove files from the working tree and from the index\n\nexamine the history and state (see also: git help revisions)\n   bisect    Use binary search to find the commit that introduced a bug\n   diff      Show changes between commits, commit and working tree, etc\n   grep      Print lines matching a pattern\n   log       Show commit logs\n   show      Show various types of objects\n   status    Show the working tree status\n\ngrow, mark and tweak your common history\n   branch    List, create, or delete branches\n   commit    Record changes to the repository\n   merge     Join two or more development histories together\n   rebase    Reapply commits on top of another base tip\n   reset     Reset current HEAD to the specified state\n   switch    Switch branches\n   tag       Create, list, delete or verify a tag object signed with GPG\n\ncollaborate (see also: git help workflows)\n   fetch     Download objects and refs from another repository\n   pull      Fetch from and integrate with another repository or a local branch\n   push      Update remote refs along with associated objects\n\n'git help -a' and 'git help -g' list available subcommands and some\nconcept guides. See 'git help <command>' or 'git help <concept>'\nto read about a specific subcommand or concept.\nSee 'git help git' for an overview of the system.\n""
[0m13:12:34.550696 [debug] [MainThread]: STDERR: "b''"
[0m13:12:34.551691 [info ] [MainThread]:  - git [[32mOK found[0m]

[0m13:12:34.553693 [info ] [MainThread]: Connection:
[0m13:12:34.555692 [info ] [MainThread]:   account: https://jfhegci-gzc57536.snowflakecomputing.com
[0m13:12:34.557691 [info ] [MainThread]:   user: FIRST_USER
[0m13:12:34.559696 [info ] [MainThread]:   database: snowflake
[0m13:12:34.560691 [info ] [MainThread]:   warehouse: akshay
[0m13:12:34.562696 [info ] [MainThread]:   role: dev
[0m13:12:34.564689 [info ] [MainThread]:   schema: test
[0m13:12:34.566688 [info ] [MainThread]:   authenticator: None
[0m13:12:34.568690 [info ] [MainThread]:   oauth_client_id: None
[0m13:12:34.570699 [info ] [MainThread]:   query_tag: None
[0m13:12:34.571694 [info ] [MainThread]:   client_session_keep_alive: False
[0m13:12:34.573689 [info ] [MainThread]:   host: None
[0m13:12:34.574691 [info ] [MainThread]:   port: None
[0m13:12:34.576700 [info ] [MainThread]:   proxy_host: None
[0m13:12:34.577690 [info ] [MainThread]:   proxy_port: None
[0m13:12:34.579706 [info ] [MainThread]:   protocol: None
[0m13:12:34.581692 [info ] [MainThread]:   connect_retries: 1
[0m13:12:34.582691 [info ] [MainThread]:   connect_timeout: None
[0m13:12:34.584697 [info ] [MainThread]:   retry_on_database_errors: False
[0m13:12:34.586697 [info ] [MainThread]:   retry_all: False
[0m13:12:34.588692 [info ] [MainThread]:   insecure_mode: False
[0m13:12:34.590700 [info ] [MainThread]:   reuse_connections: True
[0m13:12:34.593692 [info ] [MainThread]: Registered adapter: snowflake=1.9.4
[0m13:12:35.334979 [debug] [MainThread]: Acquiring new snowflake connection 'debug'
[0m13:12:39.996460 [debug] [MainThread]: Using snowflake connection "debug"
[0m13:12:39.997464 [debug] [MainThread]: On debug: select 1 as id
[0m13:12:39.999474 [debug] [MainThread]: Opening a new connection, currently in state init
[0m13:12:50.577934 [debug] [MainThread]: Snowflake adapter: Error running SQL: select 1 as id
[0m13:12:50.578933 [debug] [MainThread]: Snowflake adapter: Rolling back transaction.
[0m13:12:50.580933 [info ] [MainThread]:   Connection test: [[31mERROR[0m]

[0m13:12:50.581936 [info ] [MainThread]: [31m2 checks failed:[0m
[0m13:12:50.583935 [info ] [MainThread]: Project loading failed for the following reason:
 project path <D:\dbt_learn\learn_dbt\dbt_project.yml> not found

[0m13:12:50.584937 [info ] [MainThread]: dbt was unable to connect to the specified database.
The database returned the following error:

  >Database Error
  250001: Could not connect to Snowflake backend after 2 attempt(s).Aborting

Check your database credentials and try again. For more information, visit:
https://docs.getdbt.com/docs/configure-your-profile


[0m13:12:50.587951 [debug] [MainThread]: Command `dbt debug` failed at 13:12:50.586933 after 17.69 seconds
[0m13:12:50.588953 [debug] [MainThread]: Connection 'debug' was left open.
[0m13:12:50.589961 [debug] [MainThread]: On debug: No close available on handle
[0m13:12:50.590951 [debug] [MainThread]: Sending event: {'category': 'dbt', 'action': 'invocation', 'label': 'end', 'context': [<snowplow_tracker.self_describing_json.SelfDescribingJson object at 0x000001ECF7C9DED0>, <snowplow_tracker.self_describing_json.SelfDescribingJson object at 0x000001ECFA847CA0>, <snowplow_tracker.self_describing_json.SelfDescribingJson object at 0x000001ECFA8F9FF0>]}
[0m13:12:50.591952 [debug] [MainThread]: Flushing usage events
[0m13:12:51.593967 [debug] [MainThread]: An error was encountered while trying to flush usage events
[0m12:50:56.036743 [debug] [MainThread]: Sending event: {'category': 'dbt', 'action': 'invocation', 'label': 'start', 'context': [<snowplow_tracker.self_describing_json.SelfDescribingJson object at 0x0000022753F81C00>, <snowplow_tracker.self_describing_json.SelfDescribingJson object at 0x0000022755DFE050>, <snowplow_tracker.self_describing_json.SelfDescribingJson object at 0x0000022755DFDE70>]}


============================== 12:50:56.043910 | 2d83d9e9-8d19-4774-9bb2-ad9866cac4ac ==============================
[0m12:50:56.043910 [info ] [MainThread]: Running with dbt=1.9.4
[0m12:50:56.045921 [debug] [MainThread]: running dbt with arguments {'printer_width': '80', 'indirect_selection': 'eager', 'log_cache_events': 'False', 'write_json': 'True', 'partial_parse': 'True', 'cache_selected_only': 'False', 'profiles_dir': 'C:\\Users\\aksha\\.dbt', 'debug': 'False', 'fail_fast': 'False', 'log_path': 'logs', 'version_check': 'True', 'warn_error': 'None', 'use_colors': 'True', 'use_experimental_parser': 'False', 'empty': 'False', 'quiet': 'False', 'no_print': 'None', 'log_format': 'default', 'invocation_command': 'dbt run', 'static_parser': 'True', 'warn_error_options': 'WarnErrorOptions(include=[], exclude=[])', 'target_path': 'None', 'introspect': 'True', 'send_anonymous_usage_stats': 'True'}
[0m12:50:56.046923 [error] [MainThread]: Encountered an error:
Runtime Error
  No dbt_project.yml found at expected path D:\dbt_learn\repoo\learn_dbt\learn_dbt\dbt_project.yml
  Verify that each entry within packages.yml (and their transitive dependencies) contains a file named dbt_project.yml
  
[0m12:50:56.048307 [debug] [MainThread]: Command `dbt run` failed at 12:50:56.048307 after 0.10 seconds
[0m12:50:56.048307 [debug] [MainThread]: Sending event: {'category': 'dbt', 'action': 'invocation', 'label': 'end', 'context': [<snowplow_tracker.self_describing_json.SelfDescribingJson object at 0x0000022753F81C00>, <snowplow_tracker.self_describing_json.SelfDescribingJson object at 0x0000022755DFDE70>, <snowplow_tracker.self_describing_json.SelfDescribingJson object at 0x0000022755DFE110>]}
[0m12:50:56.049706 [debug] [MainThread]: Flushing usage events
[0m12:50:56.987993 [debug] [MainThread]: An error was encountered while trying to flush usage events
